This is pdfTeX, Version 3.1415926-1.40.10 (TeX Live 2009/Debian) (format=pdflatex 2010.9.7)  26 SEP 2010 16:35
entering extended mode
 restricted \write18 enabled.
 %&-line parsing enabled.
**\input full_course.tex
(./full_course.tex (/usr/share/texmf-texlive/tex/latex/base/article.cls
Document Class: article 2007/10/19 v1.4h Standard LaTeX document class
(/usr/share/texmf-texlive/tex/latex/base/size10.clo
File: size10.clo 2007/10/19 v1.4h Standard LaTeX file (size option)
)
\c@part=\count79
\c@section=\count80
\c@subsection=\count81
\c@subsubsection=\count82
\c@paragraph=\count83
\c@subparagraph=\count84
\c@figure=\count85
\c@table=\count86
\abovecaptionskip=\skip41
\belowcaptionskip=\skip42
\bibindent=\dimen102
)
(/usr/share/texmf-texlive/tex/latex/graphics/graphicx.sty
Package: graphicx 1999/02/16 v1.0f Enhanced LaTeX Graphics (DPC,SPQR)

(/usr/share/texmf-texlive/tex/latex/graphics/keyval.sty
Package: keyval 1999/03/16 v1.13 key=value parser (DPC)
\KV@toks@=\toks14
)
(/usr/share/texmf-texlive/tex/latex/graphics/graphics.sty
Package: graphics 2009/02/05 v1.0o Standard LaTeX Graphics (DPC,SPQR)

(/usr/share/texmf-texlive/tex/latex/graphics/trig.sty
Package: trig 1999/03/16 v1.09 sin cos tan (DPC)
)
(/etc/texmf/tex/latex/config/graphics.cfg
File: graphics.cfg 2009/08/28 v1.8 graphics configuration of TeX Live
)
Package graphics Info: Driver file: pdftex.def on input line 91.

(/usr/share/texmf-texlive/tex/latex/pdftex-def/pdftex.def
File: pdftex.def 2010/03/12 v0.04p Graphics/color for pdfTeX
\Gread@gobject=\count87
))
\Gin@req@height=\dimen103
\Gin@req@width=\dimen104
)
(/usr/share/texmf-texlive/tex/latex/amsmath/amsmath.sty
Package: amsmath 2000/07/18 v2.13 AMS math features
\@mathmargin=\skip43

For additional information on amsmath, use the `?' option.
(/usr/share/texmf-texlive/tex/latex/amsmath/amstext.sty
Package: amstext 2000/06/29 v2.01

(/usr/share/texmf-texlive/tex/latex/amsmath/amsgen.sty
File: amsgen.sty 1999/11/30 v2.0
\@emptytoks=\toks15
\ex@=\dimen105
))
(/usr/share/texmf-texlive/tex/latex/amsmath/amsbsy.sty
Package: amsbsy 1999/11/29 v1.2d
\pmbraise@=\dimen106
)
(/usr/share/texmf-texlive/tex/latex/amsmath/amsopn.sty
Package: amsopn 1999/12/14 v2.01 operator names
)
\inf@bad=\count88
LaTeX Info: Redefining \frac on input line 211.
\uproot@=\count89
\leftroot@=\count90
LaTeX Info: Redefining \overline on input line 307.
\classnum@=\count91
\DOTSCASE@=\count92
LaTeX Info: Redefining \ldots on input line 379.
LaTeX Info: Redefining \dots on input line 382.
LaTeX Info: Redefining \cdots on input line 467.
\Mathstrutbox@=\box26
\strutbox@=\box27
\big@size=\dimen107
LaTeX Font Info:    Redeclaring font encoding OML on input line 567.
LaTeX Font Info:    Redeclaring font encoding OMS on input line 568.
\macc@depth=\count93
\c@MaxMatrixCols=\count94
\dotsspace@=\muskip10
\c@parentequation=\count95
\dspbrk@lvl=\count96
\tag@help=\toks16
\row@=\count97
\column@=\count98
\maxfields@=\count99
\andhelp@=\toks17
\eqnshift@=\dimen108
\alignsep@=\dimen109
\tagshift@=\dimen110
\tagwidth@=\dimen111
\totwidth@=\dimen112
\lineht@=\dimen113
\@envbody=\toks18
\multlinegap=\skip44
\multlinetaggap=\skip45
\mathdisplay@stack=\toks19
LaTeX Info: Redefining \[ on input line 2666.
LaTeX Info: Redefining \] on input line 2667.
)
(/usr/share/texmf-texlive/tex/latex/amsfonts/amssymb.sty
Package: amssymb 2009/06/22 v3.00

(/usr/share/texmf-texlive/tex/latex/amsfonts/amsfonts.sty
Package: amsfonts 2009/06/22 v3.00 Basic AMSFonts support
\symAMSa=\mathgroup4
\symAMSb=\mathgroup5
LaTeX Font Info:    Overwriting math alphabet `\mathfrak' in version `bold'
(Font)                  U/euf/m/n --> U/euf/b/n on input line 96.
))
(/usr/share/texmf-texlive/tex/latex/amscls/amsthm.sty
Package: amsthm 2004/08/06 v2.20
\thm@style=\toks20
\thm@bodyfont=\toks21
\thm@headfont=\toks22
\thm@notefont=\toks23
\thm@headpunct=\toks24
\thm@preskip=\skip46
\thm@postskip=\skip47
\thm@headsep=\skip48
\dth@everypar=\toks25
)
(/usr/share/texmf-texlive/tex/latex/tools/enumerate.sty
Package: enumerate 1999/03/05 v3.00 enumerate extensions (DPC)
\@enLab=\toks26
)
(/usr/share/texmf-texlive/tex/latex/staves/staves.sty)
(/usr/share/texmf-texlive/tex/latex/fancybox/fancybox.sty
Package: fancybox 2000/09/19 1.3

Style option: `fancybox' v1.3 <2000/09/19> (tvz)
\@fancybox=\box28
\shadowsize=\dimen114
\@Sbox=\box29
\do@VerbBox=\toks27
\the@fancyput=\toks28
\this@fancyput=\toks29
\EndVerbatimTokens=\toks30
\Verbatim@Outfile=\write3
\Verbatim@Infile=\read1
) (/usr/share/texmf-texlive/tex/latex/ltablex/ltablex.sty
Package: ltablex 1995/11/06 v1.0 Modified tabularx

(/usr/share/texmf-texlive/tex/latex/tools/longtable.sty
Package: longtable 2004/02/01 v4.11 Multi-page Table package (DPC)
\LTleft=\skip49
\LTright=\skip50
\LTpre=\skip51
\LTpost=\skip52
\LTchunksize=\count100
\LTcapwidth=\dimen115
\LT@head=\box30
\LT@firsthead=\box31
\LT@foot=\box32
\LT@lastfoot=\box33
\LT@cols=\count101
\LT@rows=\count102
\c@LT@tables=\count103
\c@LT@chunks=\count104
\LT@p@ftn=\toks31
)
(/usr/share/texmf-texlive/tex/latex/tools/tabularx.sty
Package: tabularx 1999/01/07 v2.07 `tabularx' package (DPC)

(/usr/share/texmf-texlive/tex/latex/tools/array.sty
Package: array 2008/09/09 v2.4c Tabular extension package (FMi)
\col@sep=\dimen116
\extrarowheight=\dimen117
\NC@list=\toks32
\extratabsurround=\skip53
\backup@length=\skip54
)
\TX@col@width=\dimen118
\TX@old@table=\dimen119
\TX@old@col=\dimen120
\TX@target=\dimen121
\TX@delta=\dimen122
\TX@cols=\count105
\TX@ftn=\toks33
))
(/usr/share/texmf-texlive/tex/latex/fancyhdr/fancyhdr.sty
\fancy@headwidth=\skip55
\f@ncyO@elh=\skip56
\f@ncyO@erh=\skip57
\f@ncyO@olh=\skip58
\f@ncyO@orh=\skip59
\f@ncyO@elf=\skip60
\f@ncyO@erf=\skip61
\f@ncyO@olf=\skip62
\f@ncyO@orf=\skip63
)
(/usr/share/texmf-texlive/tex/latex/setspace/setspace.sty
Package: setspace 2000/12/01 6.7 Contributed and Supported LaTeX2e package

Package: `setspace' 6.7 <2000/12/01>
) (/usr/share/texmf-texlive/tex/latex/natbib/natbib.sty
Package: natbib 2009/07/16 8.31 (PWD, AO)
\bibhang=\skip64
\bibsep=\skip65
LaTeX Info: Redefining \cite on input line 694.
\c@NAT@ctr=\count106
)
(/usr/share/texmf-texlive/tex/latex/rotating/rotating.sty
Package: rotating 2009/03/28 v2.16a rotated objects in LaTeX

(/usr/share/texmf-texlive/tex/latex/base/ifthen.sty
Package: ifthen 2001/05/26 v1.1c Standard LaTeX ifthen package (DPC)
)
\c@r@tfl@t=\count107
\rotFPtop=\skip66
\rotFPbot=\skip67
\rot@float@box=\box34
\rot@mess@toks=\toks34
)
(/usr/share/texmf-texlive/tex/latex/tools/multicol.sty
Package: multicol 2008/12/05 v1.6h multicolumn formatting (FMi)
\c@tracingmulticols=\count108
\mult@box=\box35
\multicol@leftmargin=\dimen123
\c@unbalance=\count109
\c@collectmore=\count110
\doublecol@number=\count111
\multicoltolerance=\count112
\multicolpretolerance=\count113
\full@width=\dimen124
\page@free=\dimen125
\premulticols=\dimen126
\postmulticols=\dimen127
\multicolsep=\skip68
\multicolbaselineskip=\skip69
\partial@page=\box36
\last@line=\box37
\mult@rightbox=\box38
\mult@grightbox=\box39
\mult@gfirstbox=\box40
\mult@firstbox=\box41
\@tempa=\box42
\@tempa=\box43
\@tempa=\box44
\@tempa=\box45
\@tempa=\box46
\@tempa=\box47
\@tempa=\box48
\@tempa=\box49
\@tempa=\box50
\@tempa=\box51
\@tempa=\box52
\@tempa=\box53
\@tempa=\box54
\@tempa=\box55
\@tempa=\box56
\@tempa=\box57
\@tempa=\box58
\c@columnbadness=\count114
\c@finalcolumnbadness=\count115
\last@try=\dimen128
\multicolovershoot=\dimen129
\multicolundershoot=\dimen130
\mult@nat@firstbox=\box59
\colbreak@box=\box60
)
(/usr/share/texmf-texlive/tex/latex/base/textcomp.sty
Package: textcomp 2005/09/27 v1.99g Standard LaTeX package
Package textcomp Info: Sub-encoding information:
(textcomp)               5 = only ISO-Adobe without \textcurrency
(textcomp)               4 = 5 + \texteuro
(textcomp)               3 = 4 + \textohm
(textcomp)               2 = 3 + \textestimated + \textcurrency
(textcomp)               1 = TS1 - \textcircled - \t
(textcomp)               0 = TS1 (full)
(textcomp)             Font families with sub-encoding setting implement
(textcomp)             only a restricted character set as indicated.
(textcomp)             Family '?' is the default used for unknown fonts.
(textcomp)             See the documentation for details.
Package textcomp Info: Setting ? sub-encoding to TS1/1 on input line 71.

(/usr/share/texmf-texlive/tex/latex/base/ts1enc.def
File: ts1enc.def 2001/06/05 v3.0e (jk/car/fm) Standard LaTeX file
)
LaTeX Info: Redefining \oldstylenums on input line 266.
Package textcomp Info: Setting cmr sub-encoding to TS1/0 on input line 281.
Package textcomp Info: Setting cmss sub-encoding to TS1/0 on input line 282.
Package textcomp Info: Setting cmtt sub-encoding to TS1/0 on input line 283.
Package textcomp Info: Setting cmvtt sub-encoding to TS1/0 on input line 284.
Package textcomp Info: Setting cmbr sub-encoding to TS1/0 on input line 285.
Package textcomp Info: Setting cmtl sub-encoding to TS1/0 on input line 286.
Package textcomp Info: Setting ccr sub-encoding to TS1/0 on input line 287.
Package textcomp Info: Setting ptm sub-encoding to TS1/4 on input line 288.
Package textcomp Info: Setting pcr sub-encoding to TS1/4 on input line 289.
Package textcomp Info: Setting phv sub-encoding to TS1/4 on input line 290.
Package textcomp Info: Setting ppl sub-encoding to TS1/3 on input line 291.
Package textcomp Info: Setting pag sub-encoding to TS1/4 on input line 292.
Package textcomp Info: Setting pbk sub-encoding to TS1/4 on input line 293.
Package textcomp Info: Setting pnc sub-encoding to TS1/4 on input line 294.
Package textcomp Info: Setting pzc sub-encoding to TS1/4 on input line 295.
Package textcomp Info: Setting bch sub-encoding to TS1/4 on input line 296.
Package textcomp Info: Setting put sub-encoding to TS1/5 on input line 297.
Package textcomp Info: Setting uag sub-encoding to TS1/5 on input line 298.
Package textcomp Info: Setting ugq sub-encoding to TS1/5 on input line 299.
Package textcomp Info: Setting ul8 sub-encoding to TS1/4 on input line 300.
Package textcomp Info: Setting ul9 sub-encoding to TS1/4 on input line 301.
Package textcomp Info: Setting augie sub-encoding to TS1/5 on input line 302.
Package textcomp Info: Setting dayrom sub-encoding to TS1/3 on input line 303.
Package textcomp Info: Setting dayroms sub-encoding to TS1/3 on input line 304.

Package textcomp Info: Setting pxr sub-encoding to TS1/0 on input line 305.
Package textcomp Info: Setting pxss sub-encoding to TS1/0 on input line 306.
Package textcomp Info: Setting pxtt sub-encoding to TS1/0 on input line 307.
Package textcomp Info: Setting txr sub-encoding to TS1/0 on input line 308.
Package textcomp Info: Setting txss sub-encoding to TS1/0 on input line 309.
Package textcomp Info: Setting txtt sub-encoding to TS1/0 on input line 310.
Package textcomp Info: Setting futs sub-encoding to TS1/4 on input line 311.
Package textcomp Info: Setting futx sub-encoding to TS1/4 on input line 312.
Package textcomp Info: Setting futj sub-encoding to TS1/4 on input line 313.
Package textcomp Info: Setting hlh sub-encoding to TS1/3 on input line 314.
Package textcomp Info: Setting hls sub-encoding to TS1/3 on input line 315.
Package textcomp Info: Setting hlst sub-encoding to TS1/3 on input line 316.
Package textcomp Info: Setting hlct sub-encoding to TS1/5 on input line 317.
Package textcomp Info: Setting hlx sub-encoding to TS1/5 on input line 318.
Package textcomp Info: Setting hlce sub-encoding to TS1/5 on input line 319.
Package textcomp Info: Setting hlcn sub-encoding to TS1/5 on input line 320.
Package textcomp Info: Setting hlcw sub-encoding to TS1/5 on input line 321.
Package textcomp Info: Setting hlcf sub-encoding to TS1/5 on input line 322.
Package textcomp Info: Setting pplx sub-encoding to TS1/3 on input line 323.
Package textcomp Info: Setting pplj sub-encoding to TS1/3 on input line 324.
Package textcomp Info: Setting ptmx sub-encoding to TS1/4 on input line 325.
Package textcomp Info: Setting ptmj sub-encoding to TS1/4 on input line 326.
)
(/usr/share/texmf-texlive/tex/latex/oberdiek/pdflscape.sty
Package: pdflscape 2008/08/11 v0.10 Landscape pages in PDF (HO)

(/usr/share/texmf-texlive/tex/latex/graphics/lscape.sty
Package: lscape 2000/10/22 v3.01 Landscape Pages (DPC)
)
(/usr/share/texmf-texlive/tex/generic/oberdiek/ifpdf.sty
Package: ifpdf 2009/04/10 v2.0 Provides the ifpdf switch (HO)
Package ifpdf Info: pdfTeX in pdf mode detected.
)
Package pdflscape Info: Auto-detected driver: pdftex on input line 75.

(/usr/share/texmf-texlive/tex/generic/ifxetex/ifxetex.sty
Package: ifxetex 2009/01/23 v0.5 Provides ifxetex conditional
))
(/usr/share/texmf/tex/latex/xcolor/xcolor.sty
Package: xcolor 2007/01/21 v2.11 LaTeX color extensions (UK)

(/etc/texmf/tex/latex/config/color.cfg
File: color.cfg 2007/01/18 v1.5 color configuration of teTeX/TeXLive
)
Package xcolor Info: Driver file: pdftex.def on input line 225.

(/usr/share/texmf-texlive/tex/latex/colortbl/colortbl.sty
Package: colortbl 2001/02/13 v0.1j Color table columns (DPC)
\everycr=\toks35
\minrowclearance=\skip70
)
\rownum=\count116
Package xcolor Info: Model `cmy' substituted by `cmy0' on input line 1337.
Package xcolor Info: Model `hsb' substituted by `rgb' on input line 1341.
Package xcolor Info: Model `RGB' extended on input line 1353.
Package xcolor Info: Model `HTML' substituted by `rgb' on input line 1355.
Package xcolor Info: Model `Hsb' substituted by `hsb' on input line 1356.
Package xcolor Info: Model `tHsb' substituted by `hsb' on input line 1357.
Package xcolor Info: Model `HSB' substituted by `hsb' on input line 1358.
Package xcolor Info: Model `Gray' substituted by `gray' on input line 1359.
Package xcolor Info: Model `wave' substituted by `hsb' on input line 1360.
)
(/usr/share/texmf-texlive/tex/latex/base/fontenc.sty
Package: fontenc 2005/09/27 v1.99g Standard LaTeX package

(/usr/share/texmf-texlive/tex/latex/base/t1enc.def
File: t1enc.def 2005/09/27 v1.99g Standard LaTeX file
LaTeX Font Info:    Redeclaring font encoding T1 on input line 43.
))
(/usr/share/texmf-texlive/tex/latex/subfigure/subfigure.sty
Package: subfigure 2002/03/15 v2.1.5 subfigure package
\subfigtopskip=\skip71
\subfigcapskip=\skip72
\subfigcaptopadj=\dimen131
\subfigbottomskip=\skip73
\subfigcapmargin=\dimen132
\subfiglabelskip=\skip74
\c@subfigure=\count117
\c@lofdepth=\count118
\c@subtable=\count119
\c@lotdepth=\count120

****************************************
* Local config file subfigure.cfg used *
****************************************
(/usr/share/texmf-texlive/tex/latex/subfigure/subfigure.cfg)
\subfig@top=\skip75
\subfig@bottom=\skip76
)
(/usr/share/texmf-texlive/tex/latex/hyperref/hyperref.sty
Package: hyperref 2009/10/09 v6.79a Hypertext links for LaTeX

(/usr/share/texmf-texlive/tex/generic/oberdiek/ifvtex.sty
Package: ifvtex 2008/11/04 v1.4 Switches for detecting VTeX and its modes (HO)
Package ifvtex Info: VTeX not detected.
)
(/usr/share/texmf-texlive/tex/latex/oberdiek/hycolor.sty
Package: hycolor 2009/10/02 v1.5 Code for color options of hyperref/bookmark (H
O)

(/usr/share/texmf-texlive/tex/latex/oberdiek/xcolor-patch.sty
Package: xcolor-patch 2009/10/02 xcolor patch
))
\@linkdim=\dimen133
\Hy@linkcounter=\count121
\Hy@pagecounter=\count122

(/usr/share/texmf-texlive/tex/latex/hyperref/pd1enc.def
File: pd1enc.def 2009/10/09 v6.79a Hyperref: PDFDocEncoding definition (HO)
)
(/usr/share/texmf-texlive/tex/generic/oberdiek/etexcmds.sty
Package: etexcmds 2007/12/12 v1.2 Prefix for e-TeX command names (HO)

(/usr/share/texmf-texlive/tex/generic/oberdiek/infwarerr.sty
Package: infwarerr 2007/09/09 v1.2 Providing info/warning/message (HO)
)
Package etexcmds Info: Could not find \expanded.
(etexcmds)             That can mean that you are not using pdfTeX 1.50 or
(etexcmds)             that some package has redefined \expanded.
(etexcmds)             In the latter case, load this package earlier.
)
(/usr/share/texmf-texlive/tex/latex/latexconfig/hyperref.cfg
File: hyperref.cfg 2002/06/06 v1.2 hyperref configuration of TeXLive
)
(/usr/share/texmf-texlive/tex/latex/oberdiek/kvoptions.sty
Package: kvoptions 2009/08/13 v3.4 Keyval support for LaTeX options (HO)

(/usr/share/texmf-texlive/tex/generic/oberdiek/kvsetkeys.sty
Package: kvsetkeys 2009/07/30 v1.5 Key value parser with default handler suppor
t (HO)
))
Package hyperref Info: Hyper figures OFF on input line 2975.
Package hyperref Info: Link nesting OFF on input line 2980.
Package hyperref Info: Hyper index ON on input line 2983.
Package hyperref Info: Plain pages OFF on input line 2990.
Package hyperref Info: Backreferencing OFF on input line 2995.

Implicit mode ON; LaTeX internals redefined
Package hyperref Info: Bookmarks ON on input line 3191.
(/usr/share/texmf-texlive/tex/latex/ltxmisc/url.sty
\Urlmuskip=\muskip11
Package: url 2006/04/12  ver 3.3  Verb mode for urls, etc.
)
LaTeX Info: Redefining \url on input line 3428.

(/usr/share/texmf-texlive/tex/generic/oberdiek/bitset.sty
Package: bitset 2007/09/28 v1.0 Data type bit set (HO)

(/usr/share/texmf-texlive/tex/generic/oberdiek/intcalc.sty
Package: intcalc 2007/09/27 v1.1 Expandable integer calculations (HO)
)
(/usr/share/texmf-texlive/tex/generic/oberdiek/bigintcalc.sty
Package: bigintcalc 2007/11/11 v1.1 Expandable big integer calculations (HO)

(/usr/share/texmf-texlive/tex/generic/oberdiek/pdftexcmds.sty
Package: pdftexcmds 2009/09/23 v0.6 LuaTeX support for pdfTeX utility functions
 (HO)

(/usr/share/texmf-texlive/tex/generic/oberdiek/ifluatex.sty
Package: ifluatex 2009/04/17 v1.2 Provides the ifluatex switch (HO)
Package ifluatex Info: LuaTeX not detected.
)
(/usr/share/texmf-texlive/tex/generic/oberdiek/ltxcmds.sty
Package: ltxcmds 2009/08/05 v1.0 Some LaTeX kernel commands for general use (HO
)
)
Package pdftexcmds Info: LuaTeX not detected.
Package pdftexcmds Info: \pdf@primitive is available.
Package pdftexcmds Info: \pdf@ifprimitive is available.
)))
\Fld@menulength=\count123
\Field@Width=\dimen134
\Fld@charsize=\dimen135
\Field@toks=\toks36
Package hyperref Info: Hyper figures OFF on input line 4377.
Package hyperref Info: Link nesting OFF on input line 4382.
Package hyperref Info: Hyper index ON on input line 4385.
Package hyperref Info: backreferencing OFF on input line 4392.
Package hyperref Info: Link coloring OFF on input line 4397.
Package hyperref Info: Link coloring with OCG OFF on input line 4402.
Package hyperref Info: PDF/A mode OFF on input line 4407.

(/usr/share/texmf-texlive/tex/generic/oberdiek/atbegshi.sty
Package: atbegshi 2008/07/31 v1.9 At begin shipout hook (HO)
)
\Hy@abspage=\count124
\c@Item=\count125
)
*hyperref using default driver hpdftex*
(/usr/share/texmf-texlive/tex/latex/hyperref/hpdftex.def
File: hpdftex.def 2009/10/09 v6.79a Hyperref driver for pdfTeX
\Fld@listcount=\count126
)
(/usr/share/texmf-texlive/tex/latex/cclicenses/cclicenses.sty
Package: cclicenses 2005/05/20 v0.4 CC licenses typesetting
\chardim=\dimen136
\hdim=\dimen137
\htmp=\dimen138
\hpos=\count127
\vpos=\count128
)
(/usr/share/texmf-texlive/tex/latex/oberdiek/hypcap.sty
Package: hypcap 2008/09/08 v1.10 Adjusting anchors of captions (HO)
)
(/usr/share/texmf-texlive/tex/latex/listings/listings.sty
\lst@mode=\count129
\lst@gtempboxa=\box61
\lst@token=\toks37
\lst@length=\count130
\lst@currlwidth=\dimen139
\lst@column=\count131
\lst@pos=\count132
\lst@lostspace=\dimen140
\lst@width=\dimen141
\lst@newlines=\count133
\lst@lineno=\count134
\lst@maxwidth=\dimen142

(/usr/share/texmf-texlive/tex/latex/listings/lstmisc.sty
File: lstmisc.sty 2007/02/22 1.4 (Carsten Heinz)
\c@lstnumber=\count135
\lst@skipnumbers=\count136
\lst@framebox=\box62
)
(/usr/share/texmf-texlive/tex/latex/listings/listings.cfg
File: listings.cfg 2007/02/22 1.4 listings configuration
))
Package: listings 2007/02/22 1.4 (Carsten Heinz)


LaTeX Warning: Unused global option(s):
    [10wpt].

(./full_course.aux)
\openout1 = `full_course.aux'.

LaTeX Font Info:    Checking defaults for OML/cmm/m/it on input line 83.
LaTeX Font Info:    ... okay on input line 83.
LaTeX Font Info:    Checking defaults for T1/cmr/m/n on input line 83.
LaTeX Font Info:    ... okay on input line 83.
LaTeX Font Info:    Checking defaults for OT1/cmr/m/n on input line 83.
LaTeX Font Info:    ... okay on input line 83.
LaTeX Font Info:    Checking defaults for OMS/cmsy/m/n on input line 83.
LaTeX Font Info:    ... okay on input line 83.
LaTeX Font Info:    Checking defaults for OMX/cmex/m/n on input line 83.
LaTeX Font Info:    ... okay on input line 83.
LaTeX Font Info:    Checking defaults for U/icelandic/m/n on input line 83.
LaTeX Font Info:    ... okay on input line 83.
LaTeX Font Info:    Checking defaults for TS1/cmr/m/n on input line 83.
LaTeX Font Info:    Try loading font information for TS1+cmr on input line 83.
 (/usr/share/texmf-texlive/tex/latex/base/ts1cmr.fd
File: ts1cmr.fd 1999/05/25 v2.5h Standard LaTeX font definitions
)
LaTeX Font Info:    ... okay on input line 83.
LaTeX Font Info:    Checking defaults for PD1/pdf/m/n on input line 83.
LaTeX Font Info:    ... okay on input line 83.

(/usr/share/texmf/tex/context/base/supp-pdf.mkii
[Loading MPS to PDF converter (version 2006.09.02).]
\scratchcounter=\count137
\scratchdimen=\dimen143
\scratchbox=\box63
\nofMPsegments=\count138
\nofMParguments=\count139
\everyMPshowfont=\toks38
\MPscratchCnt=\count140
\MPscratchDim=\dimen144
\MPnumerator=\count141
\everyMPtoPDFconversion=\toks39
)
Package hyperref Info: Link coloring OFF on input line 83.
 (/usr/share/texmf-texlive/tex/latex/hyperref/nameref.sty
Package: nameref 2007/05/29 v2.31 Cross-referencing by name of section

(/usr/share/texmf-texlive/tex/latex/oberdiek/refcount.sty
Package: refcount 2008/08/11 v3.1 Data extraction from references (HO)
)
\c@section@level=\count142
)
LaTeX Info: Redefining \ref on input line 83.
LaTeX Info: Redefining \pageref on input line 83.
 (./full_course.out) (./full_course.out)
\@outlinefile=\write4
\openout4 = `full_course.out'.

\AtBeginShipoutBox=\box64
\c@lstlisting=\count143
LaTeX Font Info:    Try loading font information for U+msa on input line 86.
 (/usr/share/texmf-texlive/tex/latex/amsfonts/umsa.fd
File: umsa.fd 2009/06/22 v3.00 AMS symbols A
)
LaTeX Font Info:    Try loading font information for U+msb on input line 86.

(/usr/share/texmf-texlive/tex/latex/amsfonts/umsb.fd
File: umsb.fd 2009/06/22 v3.00 AMS symbols B
) (./full_course.toc
LaTeX Font Info:    Try loading font information for T1+cmtt on input line 16.

(/usr/share/texmf-texlive/tex/latex/base/t1cmtt.fd
File: t1cmtt.fd 1999/05/25 v2.5h Standard LaTeX font definitions
)
LaTeX Font Info:    Font shape `T1/cmtt/bx/n' in size <10> not available
(Font)              Font shape `T1/cmtt/m/n' tried instead on input line 16.
 [1

{/var/lib/texmf/fonts/map/pdftex/updmap/pdftex.map}])
\tf@toc=\write5
\openout5 = `full_course.toc'.

 [2]
LaTeX Font Info:    Try loading font information for T1+phv on input line 105.

(/usr/share/texmf-texlive/tex/latex/psnfss/t1phv.fd
File: t1phv.fd 2001/06/04 scalable font definitions for T1/phv.
)
LaTeX Font Info:    Try loading font information for OMS+phv on input line 105.


(/usr/share/texmf-texlive/tex/latex/psnfss/omsphv.fd
File: omsphv.fd 
)
LaTeX Font Info:    Font shape `OMS/phv/b/n' in size <10> not available
(Font)              Font shape `OMS/cmsy/b/n' tried instead on input line 105.
pdfTeX warning (ext4): destination with the same identifier (name{page.1}) has 
been already used, duplicate ignored
<to be read again> 
                   \relax 
l.112 
       [1] (./1_Introduction/Introduction.tex
Underfull \hbox (badness 1077) in paragraph at lines 56--56
[][]\T1/cmr/m/n/8 This sec-tion is meant to be ac-com-pa-nied by the work-flow 
di-a-gram avail-able at
 []


Underfull \hbox (badness 10000) in paragraph at lines 56--56
[]$\T1/cmtt/m/n/8 http : / / www . rochester . edu / college / gradstudents / j
olmsted / files / teaching / LaTeX /
 []

pdfTeX warning (ext4): destination with the same identifier (name{page.2}) has 
been already used, duplicate ignored
<to be read again> 
                   \relax 
l.57 
      [2] [3]
Overfull \hbox (5.35114pt too wide) in paragraph at lines 120--121
[]\T1/cmr/m/n/10 Go to []$\T1/cmtt/m/n/10 www . rochester . edu / college / gra
dstudents / jolmsted / teaching /
 []

) [4] (./2_BasicContent/Basic.tex
Overfull \hbox (13.465pt too wide) in paragraph at lines 11--24
[] 
 []


LaTeX Warning: \oval, \circle, or \line size unavailable on input line 54.


Overfull \hbox (13.465pt too wide) in paragraph at lines 36--55
[] 
 []


Overfull \hbox (33.79639pt too wide) in paragraph at lines 61--66
[]\T1/cmr/m/n/10 Using L[]T[]X  ef-fi-ciently of-ten re-quires one be fa-mil-ia
r with var-i-ous L[]T[]Xcommands
 []

[5

]
Overfull \hbox (55.45158pt too wide) in paragraph at lines 67--70
[]\T1/cmr/m/n/10 One com-mand is ``\T1/cmtt/m/n/10 \LaTeX{}\T1/cmr/m/n/10 '' wh
ich pro-duces ``L[]T[]X''. Sim-i-larly, ``\T1/cmtt/m/n/10 \textbf{election}\T1/
cmr/m/n/10 ''
 []


LaTeX Warning: \oval, \circle, or \line size unavailable on input line 111.


Underfull \hbox (badness 10000) in paragraph at lines 115--116

 []


Overfull \hbox (13.465pt too wide) in paragraph at lines 98--124
[]
 []


Overfull \hbox (13.465pt too wide) in paragraph at lines 98--124
[] 
 []

LaTeX Font Info:    Font shape `T1/cmtt/bx/n' in size <14.4> not available
(Font)              Font shape `T1/cmtt/m/n' tried instead on input line 125.
[6]
Overfull \hbox (13.465pt too wide) in paragraph at lines 133--151
[]
 []


Overfull \hbox (13.465pt too wide) in paragraph at lines 133--151
[]
 []


Overfull \hbox (13.465pt too wide) in paragraph at lines 152--171
[]
 []


Overfull \hbox (13.465pt too wide) in paragraph at lines 172--185
[] 
 []


LaTeX Warning: \oval, \circle, or \line size unavailable on input line 211.


Overfull \hbox (13.465pt too wide) in paragraph at lines 192--212
[] 
 []


Underfull \hbox (badness 10000) in paragraph at lines 192--212

 []

[7]
LaTeX Font Info:    Try loading font information for T1+cmss on input line 215.

 (/usr/share/texmf-texlive/tex/latex/base/t1cmss.fd
File: t1cmss.fd 1999/05/25 v2.5h Standard LaTeX font definitions
)
Overfull \hbox (10.69705pt too wide) in paragraph at lines 221--231
\T1/cmtt/m/n/10 \subsection{}\T1/cmr/m/n/10 , \T1/cmtt/m/n/10 \subsubsection{}\
T1/cmr/m/n/10 , \T1/cmtt/m/n/10 \paragraph{}\T1/cmr/m/n/10 , and \T1/cmtt/m/n/1
0 \subparagraph{}\T1/cmr/m/n/10 .
 []

[8]
Overfull \hbox (3.80678pt too wide) in paragraph at lines 272--274
[]\T1/cmr/m/n/10 you for-get to \T1/cmtt/m/n/10 usepackage \T1/cmr/m/n/10 the p
ack-age that sup-plies a macro which L[]T[]X in-
 []


Overfull \hbox (17.05354pt too wide) in paragraph at lines 276--278
[]\T1/cmr/m/n/10 you have un-balanced braces/-paren-the-sis/brack-ets de-pend-i
ng on what L[]T[]X is
 []

) [9] (./3_FullContent/full.tex

LaTeX Warning: \oval, \circle, or \line size unavailable on input line 36.


Overfull \hbox (13.465pt too wide) in paragraph at lines 36--37
[][] 
 []


Overfull \hbox (84.01785pt too wide) in paragraph at lines 48--53
[]\T1/cmr/m/n/10 Add \T1/cmtt/m/n/10 \input{./loremipsum.txt} \T1/cmr/m/n/10 on
 a new line di-rectly af-ter \T1/cmtt/m/n/10 \section{Long Content}\T1/cmr/m/n/
10 .
 []

[10

]
Overfull \hbox (6.99295pt too wide) in paragraph at lines 70--84
 [] 
 []


Overfull \hbox (32.03473pt too wide) in paragraph at lines 103--119
 [] 
 []

[11]
Overfull \hbox (24.22153pt too wide) in paragraph at lines 149--152
[]\T1/cmr/m/n/10 For ei-ther \T1/cmtt/m/n/10 itemize \T1/cmr/m/n/10 or \T1/cmtt
/m/n/10 enumerate \T1/cmr/m/n/10 your code looks like this, where ``\T1/cmtt/m/
n/10 environment\T1/cmr/m/n/10 ''
 []


Overfull \hbox (13.465pt too wide) in paragraph at lines 163--164
[][] 
 []


Overfull \hbox (13.465pt too wide) in paragraph at lines 179--180
[][] 
 []

[12]
Overfull \hbox (11.15991pt too wide) in paragraph at lines 181--186
\T1/cmr/m/n/10 have two items---two of your fa-vorite books. If you are us-ing 
the \T1/cmtt/m/n/10 description
 []

LaTeX Font Info:    Font shape `T1/cmtt/bx/n' in size <12> not available
(Font)              Font shape `T1/cmtt/m/n' tried instead on input line 189.

Overfull \hbox (13.465pt too wide) in paragraph at lines 206--207
[][] 
 []


Overfull \hbox (21.16672pt too wide) in paragraph at lines 224--229
\T1/cmtt/m/n/10 Rochester winters for being sufficiently ridiculous that everyo
ne
 []

[13]
Overfull \hbox (8.41983pt too wide) in paragraph at lines 240--242
[]\T1/cmr/m/n/10 Place the \T1/cmtt/m/n/10 \maketitle \T1/cmr/m/n/10 di-rec-tiv
e in an en-vi-ron-ment by the name of \T1/cmtt/m/n/10 titlepage 
 []

[14]) [15] (./4_Math/math.tex

LaTeX Warning: \oval, \circle, or \line size unavailable on input line 41.


Overfull \hbox (13.465pt too wide) in paragraph at lines 41--42
[][] 
 []

[16

] [17] [18] [19] [20]
Overfull \hbox (0.6462pt too wide) in paragraph at lines 338--339
[]\T1/cmtt/m/n/10 \widetilde{\xyz} 
 []

Rotate: angle 180, sine is 0, cosine is -1
Rotate: (l,r,h,d)
Original 0.0pt,333.46497pt,35.89998pt,-30.89998pt,
New..... -333.46497pt,0.0pt,30.89998pt,-35.89998pt

Overfull \hbox (13.465pt too wide) in paragraph at lines 375--390
[] 
 []

Rotate: angle 180, sine is 0, cosine is -1
Rotate: (l,r,h,d)
Original 0.0pt,333.46497pt,29.89998pt,-24.89998pt,
New..... -333.46497pt,0.0pt,24.89998pt,-29.89998pt

Overfull \hbox (13.465pt too wide) in paragraph at lines 391--405
[] 
 []

Rotate: angle 180, sine is 0, cosine is -1
Rotate: (l,r,h,d)
Original 0.0pt,333.46497pt,35.89998pt,-30.89998pt,
New..... -333.46497pt,0.0pt,30.89998pt,-35.89998pt

Overfull \hbox (13.465pt too wide) in paragraph at lines 406--421
[] 
 []

[21]
Rotate: angle 180, sine is 0, cosine is -1
Rotate: (l,r,h,d)
Original 0.0pt,333.46497pt,41.89998pt,-36.89998pt,
New..... -333.46497pt,0.0pt,36.89998pt,-41.89998pt

Overfull \hbox (13.465pt too wide) in paragraph at lines 422--438
[] 
 []

) [22] (./5_Misc/misc.tex

LaTeX Warning: \oval, \circle, or \line size unavailable on input line 63.


Overfull \hbox (13.465pt too wide) in paragraph at lines 37--64
[] 
 []

[23

]
Overfull \hbox (12.41885pt too wide) in paragraph at lines 83--85
[]\T1/cmr/m/n/10 Download \T1/cmtt/m/n/10 Image1.pdf \T1/cmr/m/n/10 and \T1/cmt
t/m/n/10 Image2.png \T1/cmr/m/n/10 from []$\T1/cmtt/m/n/10 www . rochester . ed
u / college /
 []


Overfull \hbox (5.78159pt too wide) in paragraph at lines 86--88
[]\T1/cmr/m/n/10 In your pream-ble, add the \T1/cmtt/m/n/10 graphicx \T1/cmr/m/
n/10 pack-age (i.e. []\T1/cmtt/m/n/10 \usepackage{graphicx}\T1/cmr/m/n/10 ) 
 []


Overfull \hbox (12.03006pt too wide) in paragraph at lines 89--93
[]\T1/cmr/m/n/10 Where you'd like the pic-ture to show up, type []\T1/cmtt/m/n/
10 \includegraphics{./Image1}
 []


LaTeX Warning: \oval, \circle, or \line size unavailable on input line 116.

[24]
Overfull \hbox (13.465pt too wide) in paragraph at lines 116--117
[][] 
 []



pdfTeX warning: pdflatex (file ./5_Misc/Image1.pdf): PDF inclusion: found PDF v
ersion <1.5>, but at most version <1.4> allowed
<./5_Misc/Image1.pdf, id=397, 614.295pt x 794.97pt>
File: ./5_Misc/Image1.pdf Graphic file (type pdf)
 <use ./5_Misc/Image1.pdf>
<./5_Misc/Image2.png, id=399, 200.75pt x 293.095pt>
File: ./5_Misc/Image2.png Graphic file (type png)
 <use ./5_Misc/Image2.png>
Rotate: angle 90, sine is 1, cosine is 0
Rotate: (l,r,h,d)
Original 0.0pt,216.82513pt,72.2673pt,0.0pt,
New..... -72.2673pt,0.0pt,216.82513pt,0.0pt
[25 <./5_Misc/Image1.pdf> <./5_Misc/Image2.png (PNG copy)>]
Overfull \hbox (7.25345pt too wide) in paragraph at lines 163--166
[]\T1/cmr/m/n/10 The float en-vi-ron-ment for fig-ures is []\T1/cmtt/m/n/10 \be
gin{figure}[htpb] \end{figure}\T1/cmr/m/n/10 .
 []


LaTeX Warning: \oval, \circle, or \line size unavailable on input line 194.


Overfull \hbox (13.465pt too wide) in paragraph at lines 178--195
[] 
 []


Underfull \hbox (badness 10000) in paragraph at lines 196--201

 []

File: ./5_Misc/Image2.png Graphic file (type png)
<use ./5_Misc/Image2.png>
Rotate: angle 120, sine is 0.86601 , cosine is -0.49998 
Rotate: (l,r,h,d)
Original 0.0pt,216.82513pt,72.2673pt,0.0pt,
New..... -170.99364pt,0.0pt,187.77328pt,-36.13254pt
[26]
Overfull \hbox (53.1589pt too wide) in paragraph at lines 220--223
[]\T1/cmr/m/n/10 As in a pre-vi-ous tu-to-rial, add []\T1/cmtt/m/n/10 \usepacka
ge{amsmath, amsthm, amssymb, amsfonts}
 []


Overfull \hbox (56.67044pt too wide) in paragraph at lines 233--236
\T1/cmr/m/n/10 er-ence num-bers are be-ing used. So, for ex-am-ple, []\T1/cmtt/
m/n/10 \begin{equation} 4=x^2 \end{equation}
 []

[27]
Overfull \hbox (28.465pt too wide) in paragraph at lines 268--270
[][]
 []


LaTeX Warning: \oval, \circle, or \line size unavailable on input line 304.


Overfull \hbox (13.465pt too wide) in paragraph at lines 289--309
[] 
 []

[28]

LaTeX Warning: \oval, \circle, or \line size unavailable on input line 340.


Overfull \hbox (28.465pt too wide) in paragraph at lines 340--342
[][]
 []

[29]) [30] (./full_course.aux) ) 
Here is how much of TeX's memory you used:
 9124 strings out of 493848
 124182 string characters out of 1152824
 209057 words of memory out of 3000000
 12015 multiletter control sequences out of 15000+50000
 46623 words of font info for 112 fonts, out of 3000000 for 9000
 714 hyphenation exceptions out of 8191
 41i,15n,43p,286b,468s stack positions out of 5000i,500n,10000p,200000b,50000s
{/usr/share/texmf/fonts/enc/dvips/cm-super/cm-s
uper-t1.enc}{/usr/share/texmf/fonts/enc/dvips/cm-super/cm-super-ts1.enc}{/usr/s
hare/texmf-texlive/fonts/enc/dvips/base/8r.enc}</usr/share/texmf-texlive/fonts/
type1/public/amsfonts/cm/cmbsy10.pfb></usr/share/texmf-texlive/fonts/type1/publ
ic/amsfonts/cm/cmbx10.pfb></usr/share/texmf-texlive/fonts/type1/public/amsfonts
/cm/cmex10.pfb></usr/share/texmf-texlive/fonts/type1/public/amsfonts/cm/cmmi10.
pfb></usr/share/texmf-texlive/fonts/type1/public/amsfonts/cm/cmmi5.pfb></usr/sh
are/texmf-texlive/fonts/type1/public/amsfonts/cm/cmmi7.pfb></usr/share/texmf-te
xlive/fonts/type1/public/amsfonts/cm/cmr10.pfb></usr/share/texmf-texlive/fonts/
type1/public/amsfonts/cm/cmr7.pfb></usr/share/texmf-texlive/fonts/type1/public/
amsfonts/cm/cmsy10.pfb></usr/share/texmf-texlive/fonts/type1/public/amsfonts/cm
/cmsy7.pfb></usr/share/texmf-texlive/fonts/type1/public/staves/icelandic.pfb></
usr/share/texmf-texlive/fonts/type1/public/amsfonts/latxfont/lcircle1.pfb></usr
/share/texmf-texlive/fonts/type1/public/amsfonts/symbols/msbm10.pfb></usr/share
/texmf-texlive/fonts/type1/public/amsfonts/symbols/msbm7.pfb></usr/share/texmf/
fonts/type1/public/cm-super/sfbx0700.pfb></usr/share/texmf/fonts/type1/public/c
m-super/sfbx0800.pfb></usr/share/texmf/fonts/type1/public/cm-super/sfbx0900.pfb
></usr/share/texmf/fonts/type1/public/cm-super/sfbx1000.pfb></usr/share/texmf/f
onts/type1/public/cm-super/sfbx1200.pfb></usr/share/texmf/fonts/type1/public/cm
-super/sfbx1440.pfb></usr/share/texmf/fonts/type1/public/cm-super/sfbx2074.pfb>
</usr/share/texmf/fonts/type1/public/cm-super/sfcc0900.pfb></usr/share/texmf/fo
nts/type1/public/cm-super/sfcc1000.pfb></usr/share/texmf/fonts/type1/public/cm-
super/sfrm0500.pfb></usr/share/texmf/fonts/type1/public/cm-super/sfrm0600.pfb><
/usr/share/texmf/fonts/type1/public/cm-super/sfrm0700.pfb></usr/share/texmf/fon
ts/type1/public/cm-super/sfrm0800.pfb></usr/share/texmf/fonts/type1/public/cm-s
uper/sfrm0900.pfb></usr/share/texmf/fonts/type1/public/cm-super/sfrm1000.pfb></
usr/share/texmf/fonts/type1/public/cm-super/sfrm1200.pfb></usr/share/texmf/font
s/type1/public/cm-super/sfrm1440.pfb></usr/share/texmf/fonts/type1/public/cm-su
per/sfrm1728.pfb></usr/share/texmf/fonts/type1/public/cm-super/sfrm2074.pfb></u
sr/share/texmf/fonts/type1/public/cm-super/sfrm2488.pfb></usr/share/texmf/fonts
/type1/public/cm-super/sfsi0700.pfb></usr/share/texmf/fonts/type1/public/cm-sup
er/sfsl0700.pfb></usr/share/texmf/fonts/type1/public/cm-super/sfsl1000.pfb></us
r/share/texmf/fonts/type1/public/cm-super/sfss0700.pfb></usr/share/texmf/fonts/
type1/public/cm-super/sfss0900.pfb></usr/share/texmf/fonts/type1/public/cm-supe
r/sfst1000.pfb></usr/share/texmf/fonts/type1/public/cm-super/sfti0900.pfb></usr
/share/texmf/fonts/type1/public/cm-super/sfti1000.pfb></usr/share/texmf/fonts/t
ype1/public/cm-super/sftt0800.pfb></usr/share/texmf/fonts/type1/public/cm-super
/sftt0900.pfb></usr/share/texmf/fonts/type1/public/cm-super/sftt1000.pfb></usr/
share/texmf/fonts/type1/public/cm-super/sftt1200.pfb></usr/share/texmf/fonts/ty
pe1/public/cm-super/sftt1440.pfb></usr/share/texmf-texlive/fonts/type1/urw/helv
etic/uhvb8a.pfb>
Output written on full_course.pdf (32 pages, 905991 bytes).
PDF statistics:
 621 PDF objects out of 1000 (max. 8388607)
 132 named destinations out of 1000 (max. 500000)
 283 words of extra memory for PDF output out of 10000 (max. 10000000)

