\BOOKMARK [0][-]{part.1}{I An Introduction to Using LaTeX}{}
\BOOKMARK [1][-]{section.1}{What is LaTeX \(lay-teck\) or LaTeX, but not latex or Latex?}{part.1}
\BOOKMARK [1][-]{section.2}{Why Would You Use LaTeX?}{part.1}
\BOOKMARK [1][-]{section.3}{How Does LaTeX Work?}{part.1}
\BOOKMARK [1][-]{section.4}{A Simple Task}{part.1}
\BOOKMARK [0][-]{part.2}{II Basic Content in LaTeX}{}
\BOOKMARK [1][-]{section.5}{LaTeX's Interpretation of Plain Text}{part.2}
\BOOKMARK [1][-]{section.6}{.tex Input File Structure}{part.2}
\BOOKMARK [1][-]{section.7}{Output File Structure}{part.2}
\BOOKMARK [1][-]{section.8}{Environments}{part.2}
\BOOKMARK [1][-]{section.9}{Error Debugging}{part.2}
\BOOKMARK [1][-]{section.10}{Solving Problems and Getting Help}{part.2}
\BOOKMARK [0][-]{part.3}{III Creating Full Documents in LaTeX}{}
\BOOKMARK [1][-]{section.11}{Starting Point}{part.3}
\BOOKMARK [1][-]{section.12}{Fonts}{part.3}
\BOOKMARK [1][-]{section.13}{List Environments}{part.3}
\BOOKMARK [1][-]{section.14}{Metadata: titles, dates, authors, abstracts}{part.3}
\BOOKMARK [1][-]{section.15}{Fancy \(and not Fancy\) Headers}{part.3}
\BOOKMARK [0][-]{part.4}{IV Including Mathematics in LaTeX Documents}{}
\BOOKMARK [1][-]{section.16}{Additional Packages}{part.4}
\BOOKMARK [1][-]{section.17}{Math Modes}{part.4}
\BOOKMARK [1][-]{section.18}{Superscripts and Subscripts}{part.4}
\BOOKMARK [1][-]{section.19}{Operators}{part.4}
\BOOKMARK [1][-]{section.20}{Greek Letters}{part.4}
\BOOKMARK [1][-]{section.21}{Other Letter-y Things}{part.4}
\BOOKMARK [1][-]{section.22}{Special Text-like Mathematical Expressions}{part.4}
\BOOKMARK [1][-]{section.23}{Delimiters}{part.4}
\BOOKMARK [1][-]{section.24}{Accents}{part.4}
\BOOKMARK [1][-]{section.25}{Assignment!}{part.4}
\BOOKMARK [0][-]{part.5}{V LaTeX Miscellany}{}
\BOOKMARK [1][-]{section.26}{Tables}{part.5}
\BOOKMARK [1][-]{section.27}{Pictures}{part.5}
\BOOKMARK [1][-]{section.28}{Floats}{part.5}
\BOOKMARK [1][-]{section.29}{Words of Wisdom}{part.5}
